{"/home/thiago/faculdade/login-node/backend/api/accounts-api/component/accounts-maintenance.js": {"path":"/home/thiago/faculdade/login-node/backend/api/accounts-api/component/accounts-maintenance.js","statementMap":{"0":{"start":{"line":1,"column":12},"end":{"line":1,"column":35}},"1":{"start":{"line":6,"column":8},"end":{"line":6,"column":53}},"2":{"start":{"line":10,"column":21},"end":{"line":10,"column":23}},"3":{"start":{"line":11,"column":8},"end":{"line":30,"column":9}},"4":{"start":{"line":12,"column":12},"end":{"line":19,"column":13}},"5":{"start":{"line":13,"column":16},"end":{"line":13,"column":35}},"6":{"start":{"line":14,"column":16},"end":{"line":17,"column":17}},"7":{"start":{"line":18,"column":16},"end":{"line":18,"column":30}},"8":{"start":{"line":21,"column":28},"end":{"line":21,"column":70}},"9":{"start":{"line":22,"column":12},"end":{"line":22,"column":32}},"10":{"start":{"line":23,"column":12},"end":{"line":23,"column":34}},"11":{"start":{"line":25,"column":12},"end":{"line":25,"column":31}},"12":{"start":{"line":26,"column":12},"end":{"line":29,"column":13}},"13":{"start":{"line":31,"column":8},"end":{"line":31,"column":22}},"14":{"start":{"line":35,"column":21},"end":{"line":35,"column":23}},"15":{"start":{"line":36,"column":8},"end":{"line":57,"column":9}},"16":{"start":{"line":37,"column":12},"end":{"line":44,"column":13}},"17":{"start":{"line":38,"column":16},"end":{"line":38,"column":36}},"18":{"start":{"line":39,"column":16},"end":{"line":42,"column":17}},"19":{"start":{"line":43,"column":16},"end":{"line":43,"column":30}},"20":{"start":{"line":46,"column":33},"end":{"line":46,"column":90}},"21":{"start":{"line":47,"column":12},"end":{"line":47,"column":32}},"22":{"start":{"line":48,"column":12},"end":{"line":50,"column":13}},"23":{"start":{"line":52,"column":12},"end":{"line":52,"column":31}},"24":{"start":{"line":53,"column":12},"end":{"line":56,"column":13}},"25":{"start":{"line":58,"column":8},"end":{"line":58,"column":22}},"26":{"start":{"line":62,"column":21},"end":{"line":62,"column":23}},"27":{"start":{"line":63,"column":8},"end":{"line":84,"column":9}},"28":{"start":{"line":64,"column":12},"end":{"line":71,"column":13}},"29":{"start":{"line":65,"column":16},"end":{"line":65,"column":36}},"30":{"start":{"line":66,"column":16},"end":{"line":69,"column":17}},"31":{"start":{"line":70,"column":16},"end":{"line":70,"column":30}},"32":{"start":{"line":73,"column":12},"end":{"line":73,"column":77}},"33":{"start":{"line":74,"column":12},"end":{"line":74,"column":32}},"34":{"start":{"line":75,"column":12},"end":{"line":77,"column":13}},"35":{"start":{"line":79,"column":12},"end":{"line":79,"column":31}},"36":{"start":{"line":80,"column":12},"end":{"line":83,"column":13}},"37":{"start":{"line":85,"column":8},"end":{"line":85,"column":22}},"38":{"start":{"line":89,"column":21},"end":{"line":89,"column":23}},"39":{"start":{"line":90,"column":8},"end":{"line":110,"column":9}},"40":{"start":{"line":91,"column":12},"end":{"line":98,"column":13}},"41":{"start":{"line":92,"column":16},"end":{"line":92,"column":36}},"42":{"start":{"line":93,"column":16},"end":{"line":96,"column":17}},"43":{"start":{"line":97,"column":16},"end":{"line":97,"column":30}},"44":{"start":{"line":99,"column":12},"end":{"line":99,"column":74}},"45":{"start":{"line":100,"column":12},"end":{"line":100,"column":32}},"46":{"start":{"line":101,"column":12},"end":{"line":103,"column":14}},"47":{"start":{"line":105,"column":12},"end":{"line":105,"column":31}},"48":{"start":{"line":106,"column":12},"end":{"line":109,"column":14}},"49":{"start":{"line":111,"column":8},"end":{"line":111,"column":22}},"50":{"start":{"line":115,"column":21},"end":{"line":115,"column":23}},"51":{"start":{"line":116,"column":8},"end":{"line":153,"column":9}},"52":{"start":{"line":117,"column":57},"end":{"line":117,"column":76}},"53":{"start":{"line":118,"column":12},"end":{"line":125,"column":13}},"54":{"start":{"line":119,"column":16},"end":{"line":119,"column":36}},"55":{"start":{"line":120,"column":16},"end":{"line":123,"column":18}},"56":{"start":{"line":124,"column":16},"end":{"line":124,"column":29}},"57":{"start":{"line":127,"column":34},"end":{"line":127,"column":90}},"58":{"start":{"line":129,"column":12},"end":{"line":136,"column":13}},"59":{"start":{"line":130,"column":16},"end":{"line":130,"column":36}},"60":{"start":{"line":131,"column":16},"end":{"line":134,"column":18}},"61":{"start":{"line":135,"column":16},"end":{"line":135,"column":30}},"62":{"start":{"line":138,"column":41},"end":{"line":138,"column":113}},"63":{"start":{"line":140,"column":12},"end":{"line":140,"column":85}},"64":{"start":{"line":141,"column":12},"end":{"line":141,"column":112}},"65":{"start":{"line":143,"column":12},"end":{"line":143,"column":32}},"66":{"start":{"line":144,"column":12},"end":{"line":146,"column":14}},"67":{"start":{"line":148,"column":12},"end":{"line":148,"column":31}},"68":{"start":{"line":149,"column":12},"end":{"line":152,"column":14}},"69":{"start":{"line":154,"column":8},"end":{"line":154,"column":22}},"70":{"start":{"line":158,"column":21},"end":{"line":158,"column":23}},"71":{"start":{"line":159,"column":8},"end":{"line":186,"column":9}},"72":{"start":{"line":160,"column":53},"end":{"line":160,"column":72}},"73":{"start":{"line":161,"column":12},"end":{"line":168,"column":13}},"74":{"start":{"line":162,"column":16},"end":{"line":162,"column":36}},"75":{"start":{"line":163,"column":16},"end":{"line":166,"column":18}},"76":{"start":{"line":167,"column":16},"end":{"line":167,"column":29}},"77":{"start":{"line":169,"column":31},"end":{"line":169,"column":80}},"78":{"start":{"line":170,"column":41},"end":{"line":170,"column":131}},"79":{"start":{"line":172,"column":12},"end":{"line":172,"column":85}},"80":{"start":{"line":173,"column":12},"end":{"line":173,"column":139}},"81":{"start":{"line":175,"column":12},"end":{"line":175,"column":32}},"82":{"start":{"line":176,"column":12},"end":{"line":178,"column":14}},"83":{"start":{"line":181,"column":12},"end":{"line":181,"column":31}},"84":{"start":{"line":182,"column":12},"end":{"line":185,"column":14}},"85":{"start":{"line":187,"column":8},"end":{"line":187,"column":22}},"86":{"start":{"line":191,"column":25},"end":{"line":194,"column":9}},"87":{"start":{"line":196,"column":8},"end":{"line":202,"column":9}},"88":{"start":{"line":197,"column":12},"end":{"line":197,"column":67}},"89":{"start":{"line":198,"column":12},"end":{"line":198,"column":40}},"90":{"start":{"line":200,"column":12},"end":{"line":200,"column":67}},"91":{"start":{"line":201,"column":12},"end":{"line":201,"column":40}},"92":{"start":{"line":204,"column":8},"end":{"line":204,"column":26}},"93":{"start":{"line":208,"column":25},"end":{"line":212,"column":9}},"94":{"start":{"line":214,"column":8},"end":{"line":222,"column":9}},"95":{"start":{"line":215,"column":12},"end":{"line":215,"column":65}},"96":{"start":{"line":216,"column":12},"end":{"line":216,"column":63}},"97":{"start":{"line":217,"column":12},"end":{"line":217,"column":40}},"98":{"start":{"line":219,"column":12},"end":{"line":219,"column":65}},"99":{"start":{"line":220,"column":12},"end":{"line":220,"column":63}},"100":{"start":{"line":221,"column":12},"end":{"line":221,"column":40}},"101":{"start":{"line":224,"column":8},"end":{"line":224,"column":26}},"102":{"start":{"line":228,"column":0},"end":{"line":228,"column":37}}},"fnMap":{"0":{"name":"(anonymous_0)","decl":{"start":{"line":5,"column":4},"end":{"line":5,"column":5}},"loc":{"start":{"line":5,"column":36},"end":{"line":7,"column":5}},"line":5},"1":{"name":"(anonymous_1)","decl":{"start":{"line":9,"column":4},"end":{"line":9,"column":5}},"loc":{"start":{"line":9,"column":29},"end":{"line":32,"column":5}},"line":9},"2":{"name":"(anonymous_2)","decl":{"start":{"line":34,"column":4},"end":{"line":34,"column":5}},"loc":{"start":{"line":34,"column":38},"end":{"line":59,"column":5}},"line":34},"3":{"name":"(anonymous_3)","decl":{"start":{"line":61,"column":4},"end":{"line":61,"column":5}},"loc":{"start":{"line":61,"column":37},"end":{"line":86,"column":5}},"line":61},"4":{"name":"(anonymous_4)","decl":{"start":{"line":88,"column":4},"end":{"line":88,"column":5}},"loc":{"start":{"line":88,"column":31},"end":{"line":112,"column":5}},"line":88},"5":{"name":"(anonymous_5)","decl":{"start":{"line":114,"column":4},"end":{"line":114,"column":5}},"loc":{"start":{"line":114,"column":53},"end":{"line":155,"column":5}},"line":114},"6":{"name":"(anonymous_6)","decl":{"start":{"line":157,"column":4},"end":{"line":157,"column":5}},"loc":{"start":{"line":157,"column":53},"end":{"line":188,"column":5}},"line":157}},"branchMap":{"0":{"loc":{"start":{"line":12,"column":12},"end":{"line":19,"column":13}},"type":"if","locations":[{"start":{"line":12,"column":12},"end":{"line":19,"column":13}},{"start":{},"end":{}}],"line":12},"1":{"loc":{"start":{"line":37,"column":12},"end":{"line":44,"column":13}},"type":"if","locations":[{"start":{"line":37,"column":12},"end":{"line":44,"column":13}},{"start":{},"end":{}}],"line":37},"2":{"loc":{"start":{"line":64,"column":12},"end":{"line":71,"column":13}},"type":"if","locations":[{"start":{"line":64,"column":12},"end":{"line":71,"column":13}},{"start":{},"end":{}}],"line":64},"3":{"loc":{"start":{"line":64,"column":16},"end":{"line":64,"column":84}},"type":"binary-expr","locations":[{"start":{"line":64,"column":16},"end":{"line":64,"column":28}},{"start":{"line":64,"column":32},"end":{"line":64,"column":63}},{"start":{"line":64,"column":67},"end":{"line":64,"column":84}}],"line":64},"4":{"loc":{"start":{"line":91,"column":12},"end":{"line":98,"column":13}},"type":"if","locations":[{"start":{"line":91,"column":12},"end":{"line":98,"column":13}},{"start":{},"end":{}}],"line":91},"5":{"loc":{"start":{"line":118,"column":12},"end":{"line":125,"column":13}},"type":"if","locations":[{"start":{"line":118,"column":12},"end":{"line":125,"column":13}},{"start":{},"end":{}}],"line":118},"6":{"loc":{"start":{"line":129,"column":12},"end":{"line":136,"column":13}},"type":"if","locations":[{"start":{"line":129,"column":12},"end":{"line":136,"column":13}},{"start":{},"end":{}}],"line":129},"7":{"loc":{"start":{"line":161,"column":12},"end":{"line":168,"column":13}},"type":"if","locations":[{"start":{"line":161,"column":12},"end":{"line":168,"column":13}},{"start":{},"end":{}}],"line":161},"8":{"loc":{"start":{"line":190,"column":27},"end":{"line":190,"column":44}},"type":"default-arg","locations":[{"start":{"line":190,"column":43},"end":{"line":190,"column":44}}],"line":190},"9":{"loc":{"start":{"line":196,"column":8},"end":{"line":202,"column":9}},"type":"if","locations":[{"start":{"line":196,"column":8},"end":{"line":202,"column":9}},{"start":{"line":199,"column":15},"end":{"line":202,"column":9}}],"line":196},"10":{"loc":{"start":{"line":207,"column":27},"end":{"line":207,"column":40}},"type":"default-arg","locations":[{"start":{"line":207,"column":39},"end":{"line":207,"column":40}}],"line":207},"11":{"loc":{"start":{"line":214,"column":8},"end":{"line":222,"column":9}},"type":"if","locations":[{"start":{"line":214,"column":8},"end":{"line":222,"column":9}},{"start":{"line":218,"column":15},"end":{"line":222,"column":9}}],"line":214}},"s":{"0":1,"1":21,"2":3,"3":3,"4":3,"5":1,"6":1,"7":1,"8":2,"9":1,"10":1,"11":1,"12":1,"13":2,"14":3,"15":3,"16":3,"17":1,"18":1,"19":1,"20":2,"21":1,"22":1,"23":1,"24":1,"25":2,"26":3,"27":3,"28":3,"29":1,"30":1,"31":1,"32":2,"33":1,"34":1,"35":1,"36":1,"37":2,"38":3,"39":3,"40":3,"41":1,"42":1,"43":1,"44":2,"45":1,"46":1,"47":1,"48":1,"49":2,"50":5,"51":5,"52":5,"53":4,"54":1,"55":1,"56":1,"57":3,"58":3,"59":1,"60":1,"61":1,"62":2,"63":2,"64":2,"65":2,"66":2,"67":1,"68":1,"69":3,"70":4,"71":4,"72":4,"73":3,"74":1,"75":1,"76":1,"77":2,"78":2,"79":2,"80":2,"81":2,"82":2,"83":1,"84":1,"85":3,"86":2,"87":2,"88":1,"89":1,"90":1,"91":1,"92":2,"93":2,"94":2,"95":1,"96":1,"97":1,"98":1,"99":1,"100":1,"101":2,"102":1},"f":{"0":21,"1":3,"2":3,"3":3,"4":3,"5":5,"6":4},"b":{"0":[1,2],"1":[1,2],"2":[1,2],"3":[3,3,2],"4":[1,2],"5":[1,3],"6":[1,2],"7":[1,2],"8":[0],"9":[1,1],"10":[0],"11":[1,1]},"_coverageSchema":"1a1c01bbd47fc00a2c39e90264f33305004495a9","hash":"74a6cc0fae68c915aefc9a8643f1aa719d7833eb"}
}
