TN:
SF:component/accounts-maintenance.js
FN:5,(anonymous_0)
FN:9,(anonymous_1)
FN:34,(anonymous_2)
FN:61,(anonymous_3)
FN:88,(anonymous_4)
FN:114,(anonymous_5)
FN:157,(anonymous_6)
FNF:7
FNH:7
FNDA:21,(anonymous_0)
FNDA:3,(anonymous_1)
FNDA:3,(anonymous_2)
FNDA:3,(anonymous_3)
FNDA:3,(anonymous_4)
FNDA:5,(anonymous_5)
FNDA:4,(anonymous_6)
DA:1,1
DA:6,21
DA:10,3
DA:11,3
DA:12,3
DA:13,1
DA:14,1
DA:18,1
DA:21,2
DA:22,1
DA:23,1
DA:25,1
DA:26,1
DA:31,2
DA:35,3
DA:36,3
DA:37,3
DA:38,1
DA:39,1
DA:43,1
DA:46,2
DA:47,1
DA:48,1
DA:52,1
DA:53,1
DA:58,2
DA:62,3
DA:63,3
DA:64,3
DA:65,1
DA:66,1
DA:70,1
DA:73,2
DA:74,1
DA:75,1
DA:79,1
DA:80,1
DA:85,2
DA:89,3
DA:90,3
DA:91,3
DA:92,1
DA:93,1
DA:97,1
DA:99,2
DA:100,1
DA:101,1
DA:105,1
DA:106,1
DA:111,2
DA:115,5
DA:116,5
DA:117,5
DA:118,4
DA:119,1
DA:120,1
DA:124,1
DA:127,3
DA:129,3
DA:130,1
DA:131,1
DA:135,1
DA:138,2
DA:140,2
DA:141,2
DA:143,2
DA:144,2
DA:148,1
DA:149,1
DA:154,3
DA:158,4
DA:159,4
DA:160,4
DA:161,3
DA:162,1
DA:163,1
DA:167,1
DA:169,2
DA:170,2
DA:172,2
DA:173,2
DA:175,2
DA:176,2
DA:181,1
DA:182,1
DA:187,3
DA:191,2
DA:196,2
DA:197,1
DA:198,1
DA:200,1
DA:201,1
DA:204,2
DA:208,2
DA:214,2
DA:215,1
DA:216,1
DA:217,1
DA:219,1
DA:220,1
DA:221,1
DA:224,2
DA:228,1
LF:103
LH:103
BRDA:12,0,0,1
BRDA:12,0,1,2
BRDA:37,1,0,1
BRDA:37,1,1,2
BRDA:64,2,0,1
BRDA:64,2,1,2
BRDA:64,3,0,3
BRDA:64,3,1,3
BRDA:64,3,2,2
BRDA:91,4,0,1
BRDA:91,4,1,2
BRDA:118,5,0,1
BRDA:118,5,1,3
BRDA:129,6,0,1
BRDA:129,6,1,2
BRDA:161,7,0,1
BRDA:161,7,1,2
BRDA:190,8,0,0
BRDA:196,9,0,1
BRDA:196,9,1,1
BRDA:207,10,0,0
BRDA:214,11,0,1
BRDA:214,11,1,1
BRF:23
BRH:21
end_of_record
