<?xml version="1.0" encoding="UTF-8"?>
<coverage generated="1697926784797" clover="3.2.0">
  <project timestamp="1697926784797" name="All files">
    <metrics statements="43" coveredstatements="43" conditionals="6" coveredconditionals="6" methods="4" coveredmethods="4" elements="53" coveredelements="53" complexity="0" loc="43" ncloc="43" packages="1" files="1" classes="1"/>
    <file name="user-authorization.js" path="/home/thiago/faculdade/login-node/backend/api/auth-api/component/user-authorization.js">
      <metrics statements="43" coveredstatements="43" conditionals="6" coveredconditionals="6" methods="4" coveredmethods="4"/>
      <line num="1" count="1" type="stmt"/>
      <line num="2" count="1" type="stmt"/>
      <line num="7" count="8" type="stmt"/>
      <line num="8" count="8" type="stmt"/>
      <line num="12" count="3" type="stmt"/>
      <line num="13" count="3" type="stmt"/>
      <line num="14" count="3" type="cond" truecount="2" falsecount="0"/>
      <line num="15" count="1" type="stmt"/>
      <line num="16" count="1" type="stmt"/>
      <line num="20" count="1" type="stmt"/>
      <line num="23" count="2" type="stmt"/>
      <line num="24" count="1" type="stmt"/>
      <line num="25" count="1" type="stmt"/>
      <line num="27" count="1" type="stmt"/>
      <line num="28" count="1" type="stmt"/>
      <line num="33" count="2" type="stmt"/>
      <line num="37" count="3" type="stmt"/>
      <line num="38" count="3" type="stmt"/>
      <line num="39" count="3" type="stmt"/>
      <line num="40" count="3" type="stmt"/>
      <line num="41" count="3" type="stmt"/>
      <line num="43" count="2" type="cond" truecount="4" falsecount="0"/>
      <line num="44" count="1" type="stmt"/>
      <line num="48" count="1" type="stmt"/>
      <line num="51" count="1" type="stmt"/>
      <line num="52" count="1" type="stmt"/>
      <line num="58" count="1" type="stmt"/>
      <line num="62" count="1" type="stmt"/>
      <line num="63" count="1" type="stmt"/>
      <line num="73" count="1" type="stmt"/>
      <line num="74" count="1" type="stmt"/>
      <line num="79" count="2" type="stmt"/>
      <line num="83" count="2" type="stmt"/>
      <line num="84" count="2" type="stmt"/>
      <line num="85" count="2" type="stmt"/>
      <line num="86" count="1" type="stmt"/>
      <line num="87" count="1" type="stmt"/>
      <line num="88" count="1" type="stmt"/>
      <line num="89" count="1" type="stmt"/>
      <line num="93" count="1" type="stmt"/>
      <line num="94" count="1" type="stmt"/>
      <line num="99" count="2" type="stmt"/>
      <line num="103" count="1" type="stmt"/>
    </file>
  </project>
</coverage>
