{"/home/thiago/faculdade/login-node/backend/api/auth-api/component/user-authorization.js": {"path":"/home/thiago/faculdade/login-node/backend/api/auth-api/component/user-authorization.js","statementMap":{"0":{"start":{"line":1,"column":16},"end":{"line":1,"column":33}},"1":{"start":{"line":2,"column":13},"end":{"line":2,"column":36}},"2":{"start":{"line":7,"column":8},"end":{"line":7,"column":45}},"3":{"start":{"line":8,"column":8},"end":{"line":8,"column":29}},"4":{"start":{"line":12,"column":21},"end":{"line":12,"column":23}},"5":{"start":{"line":13,"column":8},"end":{"line":32,"column":9}},"6":{"start":{"line":14,"column":12},"end":{"line":21,"column":13}},"7":{"start":{"line":15,"column":16},"end":{"line":15,"column":35}},"8":{"start":{"line":16,"column":16},"end":{"line":19,"column":17}},"9":{"start":{"line":20,"column":16},"end":{"line":20,"column":30}},"10":{"start":{"line":23,"column":28},"end":{"line":23,"column":70}},"11":{"start":{"line":24,"column":12},"end":{"line":24,"column":32}},"12":{"start":{"line":25,"column":12},"end":{"line":25,"column":34}},"13":{"start":{"line":27,"column":12},"end":{"line":27,"column":31}},"14":{"start":{"line":28,"column":12},"end":{"line":31,"column":13}},"15":{"start":{"line":33,"column":8},"end":{"line":33,"column":22}},"16":{"start":{"line":37,"column":21},"end":{"line":37,"column":23}},"17":{"start":{"line":38,"column":8},"end":{"line":78,"column":9}},"18":{"start":{"line":39,"column":40},"end":{"line":39,"column":48}},"19":{"start":{"line":40,"column":25},"end":{"line":40,"column":72}},"20":{"start":{"line":41,"column":34},"end":{"line":41,"column":79}},"21":{"start":{"line":43,"column":12},"end":{"line":49,"column":13}},"22":{"start":{"line":44,"column":16},"end":{"line":47,"column":17}},"23":{"start":{"line":48,"column":16},"end":{"line":48,"column":30}},"24":{"start":{"line":51,"column":37},"end":{"line":51,"column":41}},"25":{"start":{"line":52,"column":30},"end":{"line":56,"column":13}},"26":{"start":{"line":58,"column":26},"end":{"line":60,"column":14}},"27":{"start":{"line":62,"column":12},"end":{"line":62,"column":32}},"28":{"start":{"line":63,"column":12},"end":{"line":71,"column":13}},"29":{"start":{"line":73,"column":12},"end":{"line":73,"column":31}},"30":{"start":{"line":74,"column":12},"end":{"line":77,"column":13}},"31":{"start":{"line":79,"column":8},"end":{"line":79,"column":22}},"32":{"start":{"line":83,"column":21},"end":{"line":83,"column":23}},"33":{"start":{"line":84,"column":8},"end":{"line":98,"column":9}},"34":{"start":{"line":85,"column":50},"end":{"line":85,"column":58}},"35":{"start":{"line":86,"column":25},"end":{"line":86,"column":69}},"36":{"start":{"line":87,"column":12},"end":{"line":87,"column":66}},"37":{"start":{"line":88,"column":12},"end":{"line":88,"column":32}},"38":{"start":{"line":89,"column":12},"end":{"line":91,"column":13}},"39":{"start":{"line":93,"column":12},"end":{"line":93,"column":31}},"40":{"start":{"line":94,"column":12},"end":{"line":97,"column":13}},"41":{"start":{"line":99,"column":8},"end":{"line":99,"column":22}},"42":{"start":{"line":103,"column":0},"end":{"line":103,"column":35}}},"fnMap":{"0":{"name":"(anonymous_0)","decl":{"start":{"line":6,"column":4},"end":{"line":6,"column":5}},"loc":{"start":{"line":6,"column":32},"end":{"line":9,"column":5}},"line":6},"1":{"name":"(anonymous_1)","decl":{"start":{"line":11,"column":4},"end":{"line":11,"column":5}},"loc":{"start":{"line":11,"column":29},"end":{"line":34,"column":5}},"line":11},"2":{"name":"(anonymous_2)","decl":{"start":{"line":36,"column":4},"end":{"line":36,"column":5}},"loc":{"start":{"line":36,"column":26},"end":{"line":80,"column":5}},"line":36},"3":{"name":"(anonymous_3)","decl":{"start":{"line":82,"column":4},"end":{"line":82,"column":5}},"loc":{"start":{"line":82,"column":29},"end":{"line":100,"column":5}},"line":82}},"branchMap":{"0":{"loc":{"start":{"line":14,"column":12},"end":{"line":21,"column":13}},"type":"if","locations":[{"start":{"line":14,"column":12},"end":{"line":21,"column":13}},{"start":{},"end":{}}],"line":14},"1":{"loc":{"start":{"line":43,"column":12},"end":{"line":49,"column":13}},"type":"if","locations":[{"start":{"line":43,"column":12},"end":{"line":49,"column":13}},{"start":{},"end":{}}],"line":43},"2":{"loc":{"start":{"line":43,"column":15},"end":{"line":43,"column":53}},"type":"binary-expr","locations":[{"start":{"line":43,"column":15},"end":{"line":43,"column":29}},{"start":{"line":43,"column":33},"end":{"line":43,"column":53}}],"line":43}},"s":{"0":1,"1":1,"2":8,"3":8,"4":3,"5":3,"6":3,"7":1,"8":1,"9":1,"10":2,"11":1,"12":1,"13":1,"14":1,"15":2,"16":3,"17":3,"18":3,"19":3,"20":3,"21":2,"22":1,"23":1,"24":1,"25":1,"26":1,"27":1,"28":1,"29":1,"30":1,"31":2,"32":2,"33":2,"34":2,"35":1,"36":1,"37":1,"38":1,"39":1,"40":1,"41":2,"42":1},"f":{"0":8,"1":3,"2":3,"3":2},"b":{"0":[1,2],"1":[1,1],"2":[2,1]},"_coverageSchema":"1a1c01bbd47fc00a2c39e90264f33305004495a9","hash":"6187ebd2ac27821f3eac242f20438335d2b2cf7a"}
}
