TN:
SF:component/user-authorization.js
FN:6,(anonymous_0)
FN:11,(anonymous_1)
FN:36,(anonymous_2)
FN:82,(anonymous_3)
FNF:4
FNH:4
FNDA:8,(anonymous_0)
FNDA:3,(anonymous_1)
FNDA:3,(anonymous_2)
FNDA:2,(anonymous_3)
DA:1,1
DA:2,1
DA:7,8
DA:8,8
DA:12,3
DA:13,3
DA:14,3
DA:15,1
DA:16,1
DA:20,1
DA:23,2
DA:24,1
DA:25,1
DA:27,1
DA:28,1
DA:33,2
DA:37,3
DA:38,3
DA:39,3
DA:40,3
DA:41,3
DA:43,2
DA:44,1
DA:48,1
DA:51,1
DA:52,1
DA:58,1
DA:62,1
DA:63,1
DA:73,1
DA:74,1
DA:79,2
DA:83,2
DA:84,2
DA:85,2
DA:86,1
DA:87,1
DA:88,1
DA:89,1
DA:93,1
DA:94,1
DA:99,2
DA:103,1
LF:43
LH:43
BRDA:14,0,0,1
BRDA:14,0,1,2
BRDA:43,1,0,1
BRDA:43,1,1,1
BRDA:43,2,0,2
BRDA:43,2,1,1
BRF:6
BRH:6
end_of_record
